DirectXTex.lib(DirectXTexMipMaps.obj) : error LNK2038: 'RuntimeLibrary' の不一致が検出されました。値 'MD_DynamicRelease' が MT_StaticRelease の値 'main.obj' と一致しません。
DirectXTex.lib(DirectXTexWIC.obj) : error LNK2038: 'RuntimeLibrary' の不一致が検出されました。値 'MD_DynamicRelease' が MT_StaticRelease の値 'main.obj' と一致しません。
DirectXTex.lib(DirectXTexImage.obj) : error LNK2038: 'RuntimeLibrary' の不一致が検出されました。値 'MD_DynamicRelease' が MT_StaticRelease の値 'main.obj' と一致しません。
DirectXTex.lib(DirectXTexUtil.obj) : error LNK2038: 'RuntimeLibrary' の不一致が検出されました。値 'MD_DynamicRelease' が MT_StaticRelease の値 'main.obj' と一致しません。
DirectXTex.lib(DirectXTexConvert.obj) : error LNK2038: 'RuntimeLibrary' の不一致が検出されました。値 'MD_DynamicRelease' が MT_StaticRelease の値 'main.obj' と一致しません。
DirectXTex.lib(DirectXTexCompress.obj) : error LNK2038: 'RuntimeLibrary' の不一致が検出されました。値 'MD_DynamicRelease' が MT_StaticRelease の値 'main.obj' と一致しません。
DirectXTex.lib(BC.obj) : error LNK2038: 'RuntimeLibrary' の不一致が検出されました。値 'MD_DynamicRelease' が MT_StaticRelease の値 'main.obj' と一致しません。
DirectXTex.lib(BC4BC5.obj) : error LNK2038: 'RuntimeLibrary' の不一致が検出されました。値 'MD_DynamicRelease' が MT_StaticRelease の値 'main.obj' と一致しません。
DirectXTex.lib(BC6HBC7.obj) : error LNK2038: 'RuntimeLibrary' の不一致が検出されました。値 'MD_DynamicRelease' が MT_StaticRelease の値 'main.obj' と一致しません。
LINK : warning LNK4098: defaultlib 'MSVCRT' は他のライブラリの使用と競合しています。/NODEFAULTLIB:library を使用してください。
DirectXTex.lib(DirectXTexMipMaps.obj) : error LNK2001: 外部シンボル __imp__aligned_free は未解決です
DirectXTex.lib(DirectXTexImage.obj) : error LNK2001: 外部シンボル __imp__aligned_free は未解決です
DirectXTex.lib(DirectXTexUtil.obj) : error LNK2001: 外部シンボル __imp__aligned_free は未解決です
DirectXTex.lib(DirectXTexConvert.obj) : error LNK2001: 外部シンボル __imp__aligned_free は未解決です
DirectXTex.lib(DirectXTexMipMaps.obj) : error LNK2001: 外部シンボル __imp__aligned_malloc は未解決です
DirectXTex.lib(DirectXTexImage.obj) : error LNK2001: 外部シンボル __imp__aligned_malloc は未解決です
DirectXTex.lib(DirectXTexUtil.obj) : error LNK2001: 外部シンボル __imp__aligned_malloc は未解決です
DirectXTex.lib(DirectXTexConvert.obj) : error LNK2001: 外部シンボル __imp__aligned_malloc は未解決です
DirectXTex.lib(DirectXTexConvert.obj) : error LNK2001: 外部シンボル __imp_bsearch は未解決です
DirectXTex.lib(DirectXTexConvert.obj) : error LNK2001: 外部シンボル __imp_lroundf は未解決です
DirectXTex.lib(DirectXTexConvert.obj) : error LNK2001: 外部シンボル __imp_modff は未解決です
C:\Users\k023g\Desktop\L2\GE3\x64\Release\00_01.exe : fatal error LNK1120: 5 件の未解決の外部参照
