c:\users\k023g\desktop\cg2\00_01\00_01\x64\debug\imgui.obj
c:\users\k023g\desktop\cg2\00_01\00_01\x64\debug\imgui_impl_win32.obj
c:\users\k023g\desktop\cg2\00_01\00_01\x64\debug\imgui_draw.obj
c:\users\k023g\desktop\cg2\00_01\00_01\x64\debug\main.obj
c:\users\k023g\desktop\cg2\00_01\00_01\x64\debug\imgui_impl_dx12.obj
c:\users\k023g\desktop\cg2\00_01\00_01\x64\debug\imgui_demo.obj
c:\users\k023g\desktop\cg2\00_01\00_01\x64\debug\imgui_tables.obj
c:\users\k023g\desktop\cg2\00_01\00_01\x64\debug\imgui_widgets.obj
c:\users\k023g\desktop\cg2\00_01\00_01\x64\debug\vc143.pdb
c:\users\k023g\desktop\cg2\00_01\x64\debug\00_01.exe
c:\users\k023g\desktop\cg2\00_01\x64\debug\00_01.pdb
c:\users\k023g\desktop\cg2\00_01\00_01\x64\debug\00_01.ilk
c:\users\k023g\desktop\cg2\00_01\00_01\x64\debug\vc143.idb
c:\users\k023g\desktop\cg2\00_01\00_01\x64\debug\00_01.tlog\cl.10736.write.1.tlog
c:\users\k023g\desktop\cg2\00_01\00_01\x64\debug\00_01.tlog\cl.command.1.tlog
c:\users\k023g\desktop\cg2\00_01\00_01\x64\debug\00_01.tlog\cl.items.tlog
c:\users\k023g\desktop\cg2\00_01\00_01\x64\debug\00_01.tlog\cl.read.1.tlog
c:\users\k023g\desktop\cg2\00_01\00_01\x64\debug\00_01.tlog\link.command.1.tlog
c:\users\k023g\desktop\cg2\00_01\00_01\x64\debug\00_01.tlog\link.read.1.tlog
c:\users\k023g\desktop\cg2\00_01\00_01\x64\debug\00_01.tlog\link.secondary.1.tlog
c:\users\k023g\desktop\cg2\00_01\00_01\x64\debug\00_01.tlog\link.write.1.tlog
